# JRE version: OpenJDK Runtime Environment (17.0.6) (build 17.0.6+0-b2043.56-10027231)
# Java VM: OpenJDK 64-Bit Server VM (17.0.6+0-b2043.56-10027231, mixed mode, tiered, compressed oops, compressed class ptrs, g1 gc, windows-amd64)
GC Precious Log:
 CPUs: 8 total, 8 available
 Memory: 8101M
 Large Page Support: Disabled
 NUMA Support: Disabled
 Compressed Oops: Enabled (32-bit)
 Heap Region Size: 1M
 Heap Min Capacity: 8M
 Heap Initial Capacity: 128M
 Heap Max Capacity: 1536M
 Pre-touch: Disabled
 Parallel Workers: 8
 Concurrent Workers: 2
 Concurrent Refinement Workers: 8
 Periodic GC: Disabled
Heap:
 garbage-first heap   total 164864K, used 126327K [0x00000000a0000000, 0x0000000100000000)
  region size 1024K, 9 young (9216K), 3 survivors (3072K)
 Metaspace       used 94357K, committed 95296K, reserved 1138688K
  class space    used 12895K, committed 13312K, reserved 1048576K
GC Heap History (20 events):
Event: 33.134 GC heap before
{Heap before GC invocations=63 (full 0):
 garbage-first heap   total 137216K, used 117256K [0x00000000a0000000, 0x0000000100000000)
  region size 1024K, 15 young (15360K), 2 survivors (2048K)
 Metaspace       used 89244K, committed 90176K, reserved 1130496K
  class space    used 12156K, committed 12544K, reserved 1048576K
}
Event: 33.138 GC heap after
{Heap after GC invocations=64 (full 0):
 garbage-first heap   total 137216K, used 105276K [0x00000000a0000000, 0x0000000100000000)
  region size 1024K, 2 young (2048K), 2 survivors (2048K)
 Metaspace       used 89244K, committed 90176K, reserved 1130496K
  class space    used 12156K, committed 12544K, reserved 1048576K
}
Event: 33.461 GC heap before
{Heap before GC invocations=64 (full 0):
 garbage-first heap   total 137216K, used 117564K [0x00000000a0000000, 0x0000000100000000)
  region size 1024K, 14 young (14336K), 2 survivors (2048K)
 Metaspace       used 90182K, committed 91072K, reserved 1130496K
  class space    used 12285K, committed 12672K, reserved 1048576K
}
Event: 33.464 GC heap after
{Heap after GC invocations=65 (full 0):
 garbage-first heap   total 137216K, used 106030K [0x00000000a0000000, 0x0000000100000000)
  region size 1024K, 1 young (1024K), 1 survivors (1024K)
 Metaspace       used 90182K, committed 91072K, reserved 1130496K
  class space    used 12285K, committed 12672K, reserved 1048576K
}
Event: 33.755 GC heap before
{Heap before GC invocations=65 (full 0):
 garbage-first heap   total 137216K, used 118318K [0x00000000a0000000, 0x0000000100000000)
  region size 1024K, 13 young (13312K), 1 survivors (1024K)
 Metaspace       used 90839K, committed 91712K, reserved 1130496K
  class space    used 12368K, committed 12736K, reserved 1048576K
}
Event: 33.759 GC heap after
{Heap after GC invocations=66 (full 0):
 garbage-first heap   total 137216K, used 107552K [0x00000000a0000000, 0x0000000100000000)
  region size 1024K, 2 young (2048K), 2 survivors (2048K)
 Metaspace       used 90839K, committed 91712K, reserved 1130496K
  class space    used 12368K, committed 12736K, reserved 1048576K
}
Event: 33.968 GC heap before
{Heap before GC invocations=66 (full 0):
 garbage-first heap   total 137216K, used 117792K [0x00000000a0000000, 0x0000000100000000)
  region size 1024K, 12 young (12288K), 2 survivors (2048K)
 Metaspace       used 91553K, committed 92480K, reserved 1130496K
  class space    used 12470K, committed 12864K, reserved 1048576K
}
Event: 33.971 GC heap after
{Heap after GC invocations=67 (full 0):
 garbage-first heap   total 137216K, used 108397K [0x00000000a0000000, 0x0000000100000000)
  region size 1024K, 1 young (1024K), 1 survivors (1024K)
 Metaspace       used 91553K, committed 92480K, reserved 1130496K
  class space    used 12470K, committed 12864K, reserved 1048576K
}
Event: 34.422 GC heap before
{Heap before GC invocations=67 (full 0):
 garbage-first heap   total 137216K, used 117613K [0x00000000a0000000, 0x0000000100000000)
  region size 1024K, 10 young (10240K), 1 survivors (1024K)
 Metaspace       used 91778K, committed 92672K, reserved 1130496K
  class space    used 12487K, committed 12864K, reserved 1048576K
}
Event: 34.426 GC heap after
{Heap after GC invocations=68 (full 0):
 garbage-first heap   total 137216K, used 111177K [0x00000000a0000000, 0x0000000100000000)
  region size 1024K, 2 young (2048K), 2 survivors (2048K)
 Metaspace       used 91778K, committed 92672K, reserved 1130496K
  class space    used 12487K, committed 12864K, reserved 1048576K
}
Event: 34.651 GC heap before
{Heap before GC invocations=68 (full 0):
 garbage-first heap   total 137216K, used 118345K [0x00000000a0000000, 0x0000000100000000)
  region size 1024K, 9 young (9216K), 2 survivors (2048K)
 Metaspace       used 91966K, committed 92800K, reserved 1130496K
  class space    used 12511K, committed 12864K, reserved 1048576K
}
Event: 34.654 GC heap after
{Heap after GC invocations=69 (full 0):
 garbage-first heap   total 137216K, used 113354K [0x00000000a0000000, 0x0000000100000000)
  region size 1024K, 2 young (2048K), 2 survivors (2048K)
 Metaspace       used 91966K, committed 92800K, reserved 1130496K
  class space    used 12511K, committed 12864K, reserved 1048576K
}
Event: 34.714 GC heap before
{Heap before GC invocations=69 (full 0):
 garbage-first heap   total 137216K, used 118474K [0x00000000a0000000, 0x0000000100000000)
  region size 1024K, 7 young (7168K), 2 survivors (2048K)
 Metaspace       used 92035K, committed 92928K, reserved 1130496K
  class space    used 12519K, committed 12928K, reserved 1048576K
}
Event: 34.716 GC heap after
{Heap after GC invocations=70 (full 0):
 garbage-first heap   total 137216K, used 115023K [0x00000000a0000000, 0x0000000100000000)
  region size 1024K, 1 young (1024K), 1 survivors (1024K)
 Metaspace       used 92035K, committed 92928K, reserved 1130496K
  class space    used 12519K, committed 12928K, reserved 1048576K
}
Event: 34.814 GC heap before
{Heap before GC invocations=70 (full 0):
 garbage-first heap   total 137216K, used 120143K [0x00000000a0000000, 0x0000000100000000)
  region size 1024K, 6 young (6144K), 1 survivors (1024K)
 Metaspace       used 92169K, committed 93056K, reserved 1130496K
  class space    used 12537K, committed 12928K, reserved 1048576K
}
Event: 34.817 GC heap after
{Heap after GC invocations=71 (full 0):
 garbage-first heap   total 164864K, used 115993K [0x00000000a0000000, 0x0000000100000000)
  region size 1024K, 1 young (1024K), 1 survivors (1024K)
 Metaspace       used 92169K, committed 93056K, reserved 1130496K
  class space    used 12537K, committed 12928K, reserved 1048576K
}
Event: 35.257 GC heap before
{Heap before GC invocations=71 (full 0):
 garbage-first heap   total 164864K, used 134425K [0x00000000a0000000, 0x0000000100000000)
  region size 1024K, 20 young (20480K), 1 survivors (1024K)
 Metaspace       used 92668K, committed 93568K, reserved 1130496K
  class space    used 12601K, committed 12992K, reserved 1048576K
}
Event: 35.261 GC heap after
{Heap after GC invocations=72 (full 0):
 garbage-first heap   total 164864K, used 118449K [0x00000000a0000000, 0x0000000100000000)
  region size 1024K, 3 young (3072K), 3 survivors (3072K)
 Metaspace       used 92668K, committed 93568K, reserved 1130496K
  class space    used 12601K, committed 12992K, reserved 1048576K
}
Event: 36.226 GC heap before
{Heap before GC invocations=72 (full 0):
 garbage-first heap   total 164864K, used 135857K [0x00000000a0000000, 0x0000000100000000)
  region size 1024K, 21 young (21504K), 3 survivors (3072K)
 Metaspace       used 94024K, committed 94976K, reserved 1138688K
  class space    used 12840K, committed 13248K, reserved 1048576K
}
Event: 36.231 GC heap after
{Heap after GC invocations=73 (full 0):
 garbage-first heap   total 164864K, used 121207K [0x00000000a0000000, 0x0000000100000000)
  region size 1024K, 3 young (3072K), 3 survivors (3072K)
 Metaspace       used 94024K, committed 94976K, reserved 1138688K
  class space    used 12840K, committed 13248K, reserved 1048576K
}

