# JRE version: OpenJDK Runtime Environment (17.0.6) (build 17.0.6+0-b2043.56-10027231)
# Java VM: OpenJDK 64-Bit Server VM (17.0.6+0-b2043.56-10027231, mixed mode, tiered, compressed oops, compressed class ptrs, g1 gc, windows-amd64)
GC Precious Log:
 CPUs: 8 total, 8 available
 Memory: 8101M
 Large Page Support: Disabled
 NUMA Support: Disabled
 Compressed Oops: Enabled (32-bit)
 Heap Region Size: 1M
 Heap Min Capacity: 8M
 Heap Initial Capacity: 128M
 Heap Max Capacity: 1536M
 Pre-touch: Disabled
 Parallel Workers: 8
 Concurrent Workers: 2
 Concurrent Refinement Workers: 8
 Periodic GC: Disabled
Heap:
 garbage-first heap   total 212992K, used 139552K [0x00000000a0000000, 0x0000000100000000)
  region size 1024K, 35 young (35840K), 10 survivors (10240K)
 Metaspace       used 94010K, committed 94912K, reserved 1138688K
  class space    used 12860K, committed 13248K, reserved 1048576K
GC Heap History (20 events):
Event: 24.165 GC heap before
{Heap before GC invocations=38 (full 0):
 garbage-first heap   total 102400K, used 79767K [0x00000000a0000000, 0x0000000100000000)
  region size 1024K, 21 young (21504K), 1 survivors (1024K)
 Metaspace       used 69303K, committed 69824K, reserved 1114112K
  class space    used 9029K, committed 9280K, reserved 1048576K
}
Event: 24.170 GC heap after
{Heap after GC invocations=39 (full 0):
 garbage-first heap   total 102400K, used 61197K [0x00000000a0000000, 0x0000000100000000)
  region size 1024K, 3 young (3072K), 3 survivors (3072K)
 Metaspace       used 69303K, committed 69824K, reserved 1114112K
  class space    used 9029K, committed 9280K, reserved 1048576K
}
Event: 24.204 GC heap before
{Heap before GC invocations=39 (full 0):
 garbage-first heap   total 102400K, used 62221K [0x00000000a0000000, 0x0000000100000000)
  region size 1024K, 5 young (5120K), 3 survivors (3072K)
 Metaspace       used 69405K, committed 69888K, reserved 1114112K
  class space    used 9053K, committed 9280K, reserved 1048576K
}
Event: 24.209 GC heap after
{Heap after GC invocations=40 (full 0):
 garbage-first heap   total 102400K, used 61235K [0x00000000a0000000, 0x0000000100000000)
  region size 1024K, 1 young (1024K), 1 survivors (1024K)
 Metaspace       used 69405K, committed 69888K, reserved 1114112K
  class space    used 9053K, committed 9280K, reserved 1048576K
}
Event: 24.705 GC heap before
{Heap before GC invocations=40 (full 0):
 garbage-first heap   total 102400K, used 83763K [0x00000000a0000000, 0x0000000100000000)
  region size 1024K, 22 young (22528K), 1 survivors (1024K)
 Metaspace       used 69649K, committed 70208K, reserved 1114112K
  class space    used 9087K, committed 9344K, reserved 1048576K
}
Event: 24.708 GC heap after
{Heap after GC invocations=41 (full 0):
 garbage-first heap   total 102400K, used 63424K [0x00000000a0000000, 0x0000000100000000)
  region size 1024K, 3 young (3072K), 3 survivors (3072K)
 Metaspace       used 69649K, committed 70208K, reserved 1114112K
  class space    used 9087K, committed 9344K, reserved 1048576K
}
Event: 25.149 GC heap before
{Heap before GC invocations=42 (full 0):
 garbage-first heap   total 111616K, used 82880K [0x00000000a0000000, 0x0000000100000000)
  region size 1024K, 22 young (22528K), 3 survivors (3072K)
 Metaspace       used 70334K, committed 70912K, reserved 1114112K
  class space    used 9203K, committed 9472K, reserved 1048576K
}
Event: 25.153 GC heap after
{Heap after GC invocations=43 (full 0):
 garbage-first heap   total 111616K, used 64508K [0x00000000a0000000, 0x0000000100000000)
  region size 1024K, 2 young (2048K), 2 survivors (2048K)
 Metaspace       used 70334K, committed 70912K, reserved 1114112K
  class space    used 9203K, committed 9472K, reserved 1048576K
}
Event: 25.159 GC heap before
{Heap before GC invocations=43 (full 0):
 garbage-first heap   total 111616K, used 67580K [0x00000000a0000000, 0x0000000100000000)
  region size 1024K, 5 young (5120K), 2 survivors (2048K)
 Metaspace       used 70334K, committed 70912K, reserved 1114112K
  class space    used 9203K, committed 9472K, reserved 1048576K
}
Event: 25.161 GC heap after
{Heap after GC invocations=44 (full 0):
 garbage-first heap   total 212992K, used 63977K [0x00000000a0000000, 0x0000000100000000)
  region size 1024K, 1 young (1024K), 1 survivors (1024K)
 Metaspace       used 70334K, committed 70912K, reserved 1114112K
  class space    used 9203K, committed 9472K, reserved 1048576K
}
Event: 27.461 GC heap before
{Heap before GC invocations=44 (full 0):
 garbage-first heap   total 212992K, used 155113K [0x00000000a0000000, 0x0000000100000000)
  region size 1024K, 90 young (92160K), 1 survivors (1024K)
 Metaspace       used 74576K, committed 75264K, reserved 1114112K
  class space    used 9925K, committed 10240K, reserved 1048576K
}
Event: 27.465 GC heap after
{Heap after GC invocations=45 (full 0):
 garbage-first heap   total 212992K, used 68970K [0x00000000a0000000, 0x0000000100000000)
  region size 1024K, 6 young (6144K), 6 survivors (6144K)
 Metaspace       used 74576K, committed 75264K, reserved 1114112K
  class space    used 9925K, committed 10240K, reserved 1048576K
}
Event: 30.849 GC heap before
{Heap before GC invocations=45 (full 0):
 garbage-first heap   total 212992K, used 166250K [0x00000000a0000000, 0x0000000100000000)
  region size 1024K, 101 young (103424K), 6 survivors (6144K)
 Metaspace       used 80314K, committed 81024K, reserved 1122304K
  class space    used 10861K, committed 11136K, reserved 1048576K
}
Event: 30.859 GC heap after
{Heap after GC invocations=46 (full 0):
 garbage-first heap   total 212992K, used 77390K [0x00000000a0000000, 0x0000000100000000)
  region size 1024K, 13 young (13312K), 13 survivors (13312K)
 Metaspace       used 80314K, committed 81024K, reserved 1122304K
  class space    used 10861K, committed 11136K, reserved 1048576K
}
Event: 35.010 GC heap before
{Heap before GC invocations=46 (full 0):
 garbage-first heap   total 212992K, used 167502K [0x00000000a0000000, 0x0000000100000000)
  region size 1024K, 100 young (102400K), 13 survivors (13312K)
 Metaspace       used 82434K, committed 83264K, reserved 1122304K
  class space    used 11178K, committed 11520K, reserved 1048576K
}
Event: 35.025 GC heap after
{Heap after GC invocations=47 (full 0):
 garbage-first heap   total 212992K, used 94073K [0x00000000a0000000, 0x0000000100000000)
  region size 1024K, 13 young (13312K), 13 survivors (13312K)
 Metaspace       used 82434K, committed 83264K, reserved 1122304K
  class space    used 11178K, committed 11520K, reserved 1048576K
}
Event: 41.093 GC heap before
{Heap before GC invocations=47 (full 0):
 garbage-first heap   total 212992K, used 164729K [0x00000000a0000000, 0x0000000100000000)
  region size 1024K, 82 young (83968K), 13 survivors (13312K)
 Metaspace       used 89883K, committed 90688K, reserved 1130496K
  class space    used 12251K, committed 12608K, reserved 1048576K
}
Event: 41.105 GC heap after
{Heap after GC invocations=48 (full 0):
 garbage-first heap   total 212992K, used 103784K [0x00000000a0000000, 0x0000000100000000)
  region size 1024K, 9 young (9216K), 9 survivors (9216K)
 Metaspace       used 89883K, committed 90688K, reserved 1130496K
  class space    used 12251K, committed 12608K, reserved 1048576K
}
Event: 43.463 GC heap before
{Heap before GC invocations=48 (full 0):
 garbage-first heap   total 212992K, used 169320K [0x00000000a0000000, 0x0000000100000000)
  region size 1024K, 73 young (74752K), 9 survivors (9216K)
 Metaspace       used 92223K, committed 93120K, reserved 1130496K
  class space    used 12540K, committed 12928K, reserved 1048576K
}
Event: 43.476 GC heap after
{Heap after GC invocations=49 (full 0):
 garbage-first heap   total 212992K, used 114976K [0x00000000a0000000, 0x0000000100000000)
  region size 1024K, 10 young (10240K), 10 survivors (10240K)
 Metaspace       used 92223K, committed 93120K, reserved 1130496K
  class space    used 12540K, committed 12928K, reserved 1048576K
}

